INFO:     Started server process [46161]
INFO:     Waiting for application startup.
INFO:     Application startup complete.
INFO:     Uvicorn running on http://0.0.0.0:8001 (Press CTRL+C to quit)
Warning: FREEE_CLIENT_ID and FREEE_CLIENT_SECRET environment variables are not set
INFO:     160.251.170.97:52604 - "GET /api/export/grants-budget-allocations HTTP/1.1" 500 Internal Server Error
ERROR:    Exception in ASGI application
Traceback (most recent call last):
  File "/home/tanaka/nagaiku-budget/backend/new_venv/lib/python3.12/site-packages/sqlalchemy/engine/base.py", line 1969, in _exec_single_context
    self.dialect.do_execute(
  File "/home/tanaka/nagaiku-budget/backend/new_venv/lib/python3.12/site-packages/sqlalchemy/engine/default.py", line 922, in do_execute
    cursor.execute(statement, parameters)
psycopg2.errors.UndefinedColumn: column grants.grant_code does not exist
LINE 1: ...ants.id AS grants_id, grants.name AS grants_name, grants.gra...
                                                             ^


The above exception was the direct cause of the following exception:

Traceback (most recent call last):
  File "/home/tanaka/nagaiku-budget/backend/new_venv/lib/python3.12/site-packages/uvicorn/protocols/http/h11_impl.py", line 408, in run_asgi
    result = await app(  # type: ignore[func-returns-value]
             ^^^^^^^^^^^^^^^^^^^^^^^^^^^^^^^^^^^^^^^^^^^^^^
  File "/home/tanaka/nagaiku-budget/backend/new_venv/lib/python3.12/site-packages/uvicorn/middleware/proxy_headers.py", line 84, in __call__
    return await self.app(scope, receive, send)
           ^^^^^^^^^^^^^^^^^^^^^^^^^^^^^^^^^^^^
  File "/home/tanaka/nagaiku-budget/backend/new_venv/lib/python3.12/site-packages/fastapi/applications.py", line 1106, in __call__
    await super().__call__(scope, receive, send)
  File "/home/tanaka/nagaiku-budget/backend/new_venv/lib/python3.12/site-packages/starlette/applications.py", line 122, in __call__
    await self.middleware_stack(scope, receive, send)
  File "/home/tanaka/nagaiku-budget/backend/new_venv/lib/python3.12/site-packages/starlette/middleware/errors.py", line 184, in __call__
    raise exc
  File "/home/tanaka/nagaiku-budget/backend/new_venv/lib/python3.12/site-packages/starlette/middleware/errors.py", line 162, in __call__
    await self.app(scope, receive, _send)
  File "/home/tanaka/nagaiku-budget/backend/new_venv/lib/python3.12/site-packages/starlette/middleware/cors.py", line 83, in __call__
    await self.app(scope, receive, send)
  File "/home/tanaka/nagaiku-budget/backend/new_venv/lib/python3.12/site-packages/starlette/middleware/exceptions.py", line 79, in __call__
    raise exc
  File "/home/tanaka/nagaiku-budget/backend/new_venv/lib/python3.12/site-packages/starlette/middleware/exceptions.py", line 68, in __call__
    await self.app(scope, receive, sender)
  File "/home/tanaka/nagaiku-budget/backend/new_venv/lib/python3.12/site-packages/fastapi/middleware/asyncexitstack.py", line 20, in __call__
    raise e
  File "/home/tanaka/nagaiku-budget/backend/new_venv/lib/python3.12/site-packages/fastapi/middleware/asyncexitstack.py", line 17, in __call__
    await self.app(scope, receive, send)
  File "/home/tanaka/nagaiku-budget/backend/new_venv/lib/python3.12/site-packages/starlette/routing.py", line 718, in __call__
    await route.handle(scope, receive, send)
  File "/home/tanaka/nagaiku-budget/backend/new_venv/lib/python3.12/site-packages/starlette/routing.py", line 276, in handle
    await self.app(scope, receive, send)
  File "/home/tanaka/nagaiku-budget/backend/new_venv/lib/python3.12/site-packages/starlette/routing.py", line 66, in app
    response = await func(request)
               ^^^^^^^^^^^^^^^^^^^
  File "/home/tanaka/nagaiku-budget/backend/new_venv/lib/python3.12/site-packages/fastapi/routing.py", line 274, in app
    raw_response = await run_endpoint_function(
                   ^^^^^^^^^^^^^^^^^^^^^^^^^^^^
  File "/home/tanaka/nagaiku-budget/backend/new_venv/lib/python3.12/site-packages/fastapi/routing.py", line 193, in run_endpoint_function
    return await run_in_threadpool(dependant.call, **values)
           ^^^^^^^^^^^^^^^^^^^^^^^^^^^^^^^^^^^^^^^^^^^^^^^^^
  File "/home/tanaka/nagaiku-budget/backend/new_venv/lib/python3.12/site-packages/starlette/concurrency.py", line 41, in run_in_threadpool
    return await anyio.to_thread.run_sync(func, *args)
           ^^^^^^^^^^^^^^^^^^^^^^^^^^^^^^^^^^^^^^^^^^^
  File "/home/tanaka/nagaiku-budget/backend/new_venv/lib/python3.12/site-packages/anyio/to_thread.py", line 33, in run_sync
    return await get_asynclib().run_sync_in_worker_thread(
           ^^^^^^^^^^^^^^^^^^^^^^^^^^^^^^^^^^^^^^^^^^^^^^^
  File "/home/tanaka/nagaiku-budget/backend/new_venv/lib/python3.12/site-packages/anyio/_backends/_asyncio.py", line 877, in run_sync_in_worker_thread
    return await future
           ^^^^^^^^^^^^
  File "/home/tanaka/nagaiku-budget/backend/new_venv/lib/python3.12/site-packages/anyio/_backends/_asyncio.py", line 807, in run
    result = context.run(func, *args)
             ^^^^^^^^^^^^^^^^^^^^^^^^
  File "/home/tanaka/nagaiku-budget/backend/main.py", line 638, in export_grants_budget_allocations
    grants = db.query(Grant).all()
             ^^^^^^^^^^^^^^^^^^^^^
  File "/home/tanaka/nagaiku-budget/backend/new_venv/lib/python3.12/site-packages/sqlalchemy/orm/query.py", line 2693, in all
    return self._iter().all()  # type: ignore
           ^^^^^^^^^^^^
  File "/home/tanaka/nagaiku-budget/backend/new_venv/lib/python3.12/site-packages/sqlalchemy/orm/query.py", line 2847, in _iter
    result: Union[ScalarResult[_T], Result[_T]] = self.session.execute(
                                                  ^^^^^^^^^^^^^^^^^^^^^
  File "/home/tanaka/nagaiku-budget/backend/new_venv/lib/python3.12/site-packages/sqlalchemy/orm/session.py", line 2308, in execute
    return self._execute_internal(
           ^^^^^^^^^^^^^^^^^^^^^^^
  File "/home/tanaka/nagaiku-budget/backend/new_venv/lib/python3.12/site-packages/sqlalchemy/orm/session.py", line 2190, in _execute_internal
    result: Result[Any] = compile_state_cls.orm_execute_statement(
                          ^^^^^^^^^^^^^^^^^^^^^^^^^^^^^^^^^^^^^^^^
  File "/home/tanaka/nagaiku-budget/backend/new_venv/lib/python3.12/site-packages/sqlalchemy/orm/context.py", line 293, in orm_execute_statement
    result = conn.execute(
             ^^^^^^^^^^^^^
  File "/home/tanaka/nagaiku-budget/backend/new_venv/lib/python3.12/site-packages/sqlalchemy/engine/base.py", line 1416, in execute
    return meth(
           ^^^^^
  File "/home/tanaka/nagaiku-budget/backend/new_venv/lib/python3.12/site-packages/sqlalchemy/sql/elements.py", line 516, in _execute_on_connection
    return connection._execute_clauseelement(
           ^^^^^^^^^^^^^^^^^^^^^^^^^^^^^^^^^^
  File "/home/tanaka/nagaiku-budget/backend/new_venv/lib/python3.12/site-packages/sqlalchemy/engine/base.py", line 1639, in _execute_clauseelement
    ret = self._execute_context(
          ^^^^^^^^^^^^^^^^^^^^^^
  File "/home/tanaka/nagaiku-budget/backend/new_venv/lib/python3.12/site-packages/sqlalchemy/engine/base.py", line 1848, in _execute_context
    return self._exec_single_context(
           ^^^^^^^^^^^^^^^^^^^^^^^^^^
  File "/home/tanaka/nagaiku-budget/backend/new_venv/lib/python3.12/site-packages/sqlalchemy/engine/base.py", line 1988, in _exec_single_context
    self._handle_dbapi_exception(
  File "/home/tanaka/nagaiku-budget/backend/new_venv/lib/python3.12/site-packages/sqlalchemy/engine/base.py", line 2343, in _handle_dbapi_exception
    raise sqlalchemy_exception.with_traceback(exc_info[2]) from e
  File "/home/tanaka/nagaiku-budget/backend/new_venv/lib/python3.12/site-packages/sqlalchemy/engine/base.py", line 1969, in _exec_single_context
    self.dialect.do_execute(
  File "/home/tanaka/nagaiku-budget/backend/new_venv/lib/python3.12/site-packages/sqlalchemy/engine/default.py", line 922, in do_execute
    cursor.execute(statement, parameters)
sqlalchemy.exc.ProgrammingError: (psycopg2.errors.UndefinedColumn) column grants.grant_code does not exist
LINE 1: ...ants.id AS grants_id, grants.name AS grants_name, grants.gra...
                                                             ^

[SQL: SELECT grants.id AS grants_id, grants.name AS grants_name, grants.grant_code AS grants_grant_code, grants.total_amount AS grants_total_amount, grants.start_date AS grants_start_date, grants.end_date AS grants_end_date, grants.status AS grants_status 
FROM grants]
(Background on this error at: https://sqlalche.me/e/20/f405)
INFO:     160.251.170.97:56176 - "GET /api/export/grants-budget-allocations HTTP/1.1" 200 OK
INFO:     160.251.170.97:57134 - "GET /api/export/grants-budget-allocations HTTP/1.1" 200 OK
INFO:     160.251.170.97:32978 - "GET /api/grants HTTP/1.1" 200 OK
INFO:     160.251.170.97:55590 - "GET /api/dashboard/stats HTTP/1.1" 200 OK
INFO:     160.251.170.97:39326 - "GET /api/grants HTTP/1.1" 200 OK
INFO:     Shutting down
INFO:     Waiting for application shutdown.
INFO:     Application shutdown complete.
INFO:     Finished server process [46161]
