
> frontend@0.1.0 start
> next start

 тип Failed to start server
Error: listen EADDRINUSE: address already in use :::8000
    at <unknown> (Error: listen EADDRINUSE: address already in use :::8000)
    at new Promise (<anonymous>) {
  code: 'EADDRINUSE',
  errno: -98,
  syscall: 'listen',
  address: '::',
  port: 8000
}
Killed

> frontend@0.1.0 build
> next build

sh: 1: next: not found

> frontend@0.1.0 build
> next build

sh: 1: next: not found

> frontend@0.1.0 build
> next build

sh: 1: next: not found

> frontend@0.1.0 build
> next build

sh: 1: next: not found

> frontend@0.1.0 build
> next build

sh: 1: next: not found

> frontend@0.1.0 build
> next build

sh: 1: next: not found

> frontend@0.1.0 build
> next build

sh: 1: next: not found

> frontend@0.1.0 build
> next build

sh: 1: next: not found

> frontend@0.1.0 build
> next build

sh: 1: next: not found

> frontend@0.1.0 build
> next build

sh: 1: next: not found

> frontend@0.1.0 build
> next build

sh: 1: next: not found

> frontend@0.1.0 build
> next build

sh: 1: next: not found

> frontend@0.1.0 build
> next build

sh: 1: next: not found

> frontend@0.1.0 build
> next build

sh: 1: next: not found

> frontend@0.1.0 build
> next build

sh: 1: next: not found

> frontend@0.1.0 build
> next build

sh: 1: next: not found

> frontend@0.1.0 build
> next build

sh: 1: next: not found

> frontend@0.1.0 build
> next build

sh: 1: next: not found

> frontend@0.1.0 build
> next build

sh: 1: next: not found

> frontend@0.1.0 build
> next build

sh: 1: next: not found

> frontend@0.1.0 build
> next build

sh: 1: next: not found

> frontend@0.1.0 build
> next build

sh: 1: next: not found

> frontend@0.1.0 build
> next build

sh: 1: next: not found

> frontend@0.1.0 build
> next build

sh: 1: next: not found

> frontend@0.1.0 build
> next build

sh: 1: next: not found

> frontend@0.1.0 build
> next build

sh: 1: next: not found

> frontend@0.1.0 build
> next build

sh: 1: next: not found

> frontend@0.1.0 build
> next build

sh: 1: next: not found

> frontend@0.1.0 build
> next build

sh: 1: next: not found

> frontend@0.1.0 build
> next build

sh: 1: next: not found

> frontend@0.1.0 build
> next build

sh: 1: next: not found

> frontend@0.1.0 build
> next build

sh: 1: next: not found

> frontend@0.1.0 build
> next build

sh: 1: next: not found

> frontend@0.1.0 build
> next build

sh: 1: next: not found

> frontend@0.1.0 build
> next build

sh: 1: next: not found

> frontend@0.1.0 build
> next build

sh: 1: next: not found

> frontend@0.1.0 build
> next build

sh: 1: next: not found

> frontend@0.1.0 build
> next build

sh: 1: next: not found

> frontend@0.1.0 build
> next build

sh: 1: next: not found

> frontend@0.1.0 build
> next build

sh: 1: next: not found

> frontend@0.1.0 build
> next build

sh: 1: next: not found

> frontend@0.1.0 build
> next build

sh: 1: next: not found

> frontend@0.1.0 build
> next build

sh: 1: next: not found

> frontend@0.1.0 build
> next build

sh: 1: next: not found

> frontend@0.1.0 build
> next build

sh: 1: next: not found

> frontend@0.1.0 build
> next build

sh: 1: next: not found

> frontend@0.1.0 build
> next build

sh: 1: next: not found

> frontend@0.1.0 build
> next build

sh: 1: next: not found

> frontend@0.1.0 build
> next build

sh: 1: next: not found

> frontend@0.1.0 build
> next build

sh: 1: next: not found

> frontend@0.1.0 build
> next build

sh: 1: next: not found

> frontend@0.1.0 build
> next build

sh: 1: next: not found

> frontend@0.1.0 build
> next build

sh: 1: next: not found

> frontend@0.1.0 build
> next build

sh: 1: next: not found

> frontend@0.1.0 build
> next build

sh: 1: next: not found

> frontend@0.1.0 build
> next build

sh: 1: next: not found

> frontend@0.1.0 build
> next build

sh: 1: next: not found

> frontend@0.1.0 build
> next build

sh: 1: next: not found

> frontend@0.1.0 build
> next build

sh: 1: next: not found

> frontend@0.1.0 build
> next build

sh: 1: next: not found

> frontend@0.1.0 build
> next build

sh: 1: next: not found

> frontend@0.1.0 build
> next build

sh: 1: next: not found

> frontend@0.1.0 build
> next build

sh: 1: next: not found

> frontend@0.1.0 build
> next build

sh: 1: next: not found

> frontend@0.1.0 build
> next build

sh: 1: next: not found

> frontend@0.1.0 build
> next build

sh: 1: next: not found

> frontend@0.1.0 build
> next build

sh: 1: next: not found

> frontend@0.1.0 build
> next build

sh: 1: next: not found

> frontend@0.1.0 build
> next build

sh: 1: next: not found

> frontend@0.1.0 build
> next build

sh: 1: next: not found

> frontend@0.1.0 build
> next build

sh: 1: next: not found

> frontend@0.1.0 build
> next build

sh: 1: next: not found

> frontend@0.1.0 build
> next build

sh: 1: next: not found

> frontend@0.1.0 build
> next build

sh: 1: next: not found

> frontend@0.1.0 build
> next build

sh: 1: next: not found

> frontend@0.1.0 build
> next build

sh: 1: next: not found

> frontend@0.1.0 build
> next build

sh: 1: next: not found

> frontend@0.1.0 build
> next build

sh: 1: next: not found

> frontend@0.1.0 build
> next build

sh: 1: next: not found

> frontend@0.1.0 build
> next build

sh: 1: next: not found

> frontend@0.1.0 build
> next build

sh: 1: next: not found

> frontend@0.1.0 build
> next build

sh: 1: next: not found

> frontend@0.1.0 build
> next build

sh: 1: next: not found

> frontend@0.1.0 build
> next build

sh: 1: next: not found

> frontend@0.1.0 build
> next build

sh: 1: next: not found

> frontend@0.1.0 build
> next build

sh: 1: next: not found

> frontend@0.1.0 build
> next build

sh: 1: next: not found

> frontend@0.1.0 build
> next build

sh: 1: next: not found

> frontend@0.1.0 build
> next build

sh: 1: next: not found

> frontend@0.1.0 build
> next build

sh: 1: next: not found

> frontend@0.1.0 build
> next build

sh: 1: next: not found

> frontend@0.1.0 build
> next build

sh: 1: next: not found

> frontend@0.1.0 build
> next build

sh: 1: next: not found

> frontend@0.1.0 build
> next build

sh: 1: next: not found

> frontend@0.1.0 build
> next build

sh: 1: next: not found

> frontend@0.1.0 build
> next build

sh: 1: next: not found

> frontend@0.1.0 build
> next build

sh: 1: next: not found

> frontend@0.1.0 build
> next build

sh: 1: next: not found

> frontend@0.1.0 build
> next build

sh: 1: next: not found

> frontend@0.1.0 build
> next build

sh: 1: next: not found

> frontend@0.1.0 build
> next build

sh: 1: next: not found

> frontend@0.1.0 build
> next build

sh: 1: next: not found

> frontend@0.1.0 build
> next build

sh: 1: next: not found

> frontend@0.1.0 build
> next build

sh: 1: next: not found

> frontend@0.1.0 build
> next build

sh: 1: next: not found

> frontend@0.1.0 build
> next build

sh: 1: next: not found

> frontend@0.1.0 build
> next build

sh: 1: next: not found

> frontend@0.1.0 build
> next build

sh: 1: next: not found

> frontend@0.1.0 build
> next build

sh: 1: next: not found

> frontend@0.1.0 build
> next build

sh: 1: next: not found

> frontend@0.1.0 build
> next build

sh: 1: next: not found

> frontend@0.1.0 build
> next build

sh: 1: next: not found

> frontend@0.1.0 build
> next build

sh: 1: next: not found

> frontend@0.1.0 build
> next build

sh: 1: next: not found

> frontend@0.1.0 build
> next build

sh: 1: next: not found

> frontend@0.1.0 build
> next build

sh: 1: next: not found

> frontend@0.1.0 build
> next build

sh: 1: next: not found

> frontend@0.1.0 build
> next build

sh: 1: next: not found

> frontend@0.1.0 build
> next build

sh: 1: next: not found

> frontend@0.1.0 build
> next build

sh: 1: next: not found

> frontend@0.1.0 build
> next build

sh: 1: next: not found

> frontend@0.1.0 build
> next build

sh: 1: next: not found

> frontend@0.1.0 build
> next build

sh: 1: next: not found

> frontend@0.1.0 build
> next build

sh: 1: next: not found

> frontend@0.1.0 build
> next build

sh: 1: next: not found

> frontend@0.1.0 build
> next build

sh: 1: next: not found

> frontend@0.1.0 build
> next build

sh: 1: next: not found

> frontend@0.1.0 build
> next build

sh: 1: next: not found

> frontend@0.1.0 build
> next build

sh: 1: next: not found

> frontend@0.1.0 build
> next build

sh: 1: next: not found

> frontend@0.1.0 build
> next build

sh: 1: next: not found

> frontend@0.1.0 build
> next build

sh: 1: next: not found

> frontend@0.1.0 build
> next build

sh: 1: next: not found

> frontend@0.1.0 build
> next build

sh: 1: next: not found

> frontend@0.1.0 build
> next build

sh: 1: next: not found

> frontend@0.1.0 build
> next build

sh: 1: next: not found

> frontend@0.1.0 build
> next build

sh: 1: next: not found

> frontend@0.1.0 build
> next build

sh: 1: next: not found

> frontend@0.1.0 build
> next build

sh: 1: next: not found

> frontend@0.1.0 build
> next build

sh: 1: next: not found

> frontend@0.1.0 build
> next build

sh: 1: next: not found

> frontend@0.1.0 build
> next build

sh: 1: next: not found

> frontend@0.1.0 build
> next build

sh: 1: next: not found

> frontend@0.1.0 build
> next build

sh: 1: next: not found

> frontend@0.1.0 build
> next build

sh: 1: next: not found

> frontend@0.1.0 build
> next build

sh: 1: next: not found

> frontend@0.1.0 build
> next build

sh: 1: next: not found

> frontend@0.1.0 build
> next build

sh: 1: next: not found

> frontend@0.1.0 build
> next build

sh: 1: next: not found

> frontend@0.1.0 build
> next build

sh: 1: next: not found

> frontend@0.1.0 build
> next build

sh: 1: next: not found

> frontend@0.1.0 build
> next build

sh: 1: next: not found

> frontend@0.1.0 build
> next build

sh: 1: next: not found

> frontend@0.1.0 build
> next build

sh: 1: next: not found

> frontend@0.1.0 build
> next build

sh: 1: next: not found

> frontend@0.1.0 build
> next build

sh: 1: next: not found
